<?xml version="1.0" encoding="UTF-8"?><testsuite errors="0" failures="1" name="Atracciones turisticas" skipped="0" tests="1" time="31.63" timestamp="2022-03-18 03:40:55"><testcase name="Atracciones Turisticas Booking"><failure message="valor esperado &quot;COP 12.700&quot; no ha sido encontrado - org.openqa.selenium.NoSuchElementException: no such element: Unable to locate element: {&quot;method&quot;:&quot;xpath&quot;,&quot;selector&quot;:&quot;//*[@class='css-s2uf1z'][contains(., '12.537')]/div[2]&quot;}&#10;  (Session info: chrome=99.0.4844.74)&#10;For documentation on this error, please visit: https://www.seleniumhq.org/exceptions/no_such_element.html&#10;Build info: version: '3.141.59', revision: 'e82be7d358', time: '2018-11-14T08:17:03'&#10;System info: host: 'DESKTOP-7M81F3A', ip: '26.91.91.99', os.name: 'Windows 10', os.arch: 'amd64', os.version: '10.0', java.version: '1.8.0_281'&#10;Driver info: org.openqa.selenium.chrome.ChromeDriver&#10;Capabilities {acceptInsecureCerts: false, browserName: chrome, browserVersion: 99.0.4844.74, chrome: {chromedriverVersion: 99.0.4844.51 (d537ec02474b5..., userDataDir: C:\Users\JUANPA~1\AppData\L...}, goog:chromeOptions: {debuggerAddress: localhost:54957}, javascriptEnabled: true, networkConnectionEnabled: false, pageLoadStrategy: normal, platform: WINDOWS, platformName: WINDOWS, proxy: Proxy(), setWindowRect: true, strictFileInteractability: false, timeouts: {implicit: 0, pageLoad: 300000, script: 30000}, unhandledPromptBehavior: dismiss and notify, webauthn:extension:credBlob: true, webauthn:extension:largeBlob: true, webauthn:virtualAuthenticators: true}&#10;Session ID: 7beb3df81976d0fc285d7bbcd668931b&#10;*** Element info: {Using=xpath, value=//*[@class='css-s2uf1z'][contains(., '12.537')]/div[2]}" type="java.lang.AssertionError">valor esperado "COP 12.700" no ha sido encontrado - org.openqa.selenium.NoSuchElementException: no such element: Unable to locate element: {"method":"xpath","selector":"//*[@class='css-s2uf1z'][contains(., '12.537')]/div[2]"}
  (Session info: chrome=99.0.4844.74)
For documentation on this error, please visit: https://www.seleniumhq.org/exceptions/no_such_element.html
Build info: version: '3.141.59', revision: 'e82be7d358', time: '2018-11-14T08:17:03'
System info: host: 'DESKTOP-7M81F3A', ip: '26.91.91.99', os.name: 'Windows 10', os.arch: 'amd64', os.version: '10.0', java.version: '1.8.0_281'
Driver info: org.openqa.selenium.chrome.ChromeDriver
Capabilities {acceptInsecureCerts: false, browserName: chrome, browserVersion: 99.0.4844.74, chrome: {chromedriverVersion: 99.0.4844.51 (d537ec02474b5..., userDataDir: C:\Users\JUANPA~1\AppData\L...}, goog:chromeOptions: {debuggerAddress: localhost:54957}, javascriptEnabled: true, networkConnectionEnabled: false, pageLoadStrategy: normal, platform: WINDOWS, platformName: WINDOWS, proxy: Proxy(), setWindowRect: true, strictFileInteractability: false, timeouts: {implicit: 0, pageLoad: 300000, script: 30000}, unhandledPromptBehavior: dismiss and notify, webauthn:extension:credBlob: true, webauthn:extension:largeBlob: true, webauthn:virtualAuthenticators: true}
Session ID: 7beb3df81976d0fc285d7bbcd668931b
*** Element info: {Using=xpath, value=//*[@class='css-s2uf1z'][contains(., '12.537')]/div[2]}</failure><system-err>valor esperado "COP 12.700" no ha sido encontrado - org.openqa.selenium.NoSuchElementException: no such element: Unable to locate element: {"method":"xpath","selector":"//*[@class='css-s2uf1z'][contains(., '12.537')]/div[2]"}
  (Session info: chrome=99.0.4844.74)
For documentation on this error, please visit: https://www.seleniumhq.org/exceptions/no_such_element.html
Build info: version: '3.141.59', revision: 'e82be7d358', time: '2018-11-14T08:17:03'
System info: host: 'DESKTOP-7M81F3A', ip: '26.91.91.99', os.name: 'Windows 10', os.arch: 'amd64', os.version: '10.0', java.version: '1.8.0_281'
Driver info: org.openqa.selenium.chrome.ChromeDriver
Capabilities {acceptInsecureCerts: false, browserName: chrome, browserVersion: 99.0.4844.74, chrome: {chromedriverVersion: 99.0.4844.51 (d537ec02474b5..., userDataDir: C:\Users\JUANPA~1\AppData\L...}, goog:chromeOptions: {debuggerAddress: localhost:54957}, javascriptEnabled: true, networkConnectionEnabled: false, pageLoadStrategy: normal, platform: WINDOWS, platformName: WINDOWS, proxy: Proxy(), setWindowRect: true, strictFileInteractability: false, timeouts: {implicit: 0, pageLoad: 300000, script: 30000}, unhandledPromptBehavior: dismiss and notify, webauthn:extension:credBlob: true, webauthn:extension:largeBlob: true, webauthn:virtualAuthenticators: true}
Session ID: 7beb3df81976d0fc285d7bbcd668931b
*** Element info: {Using=xpath, value=//*[@class='css-s2uf1z'][contains(., '12.537')]/div[2]}&#13;
stepdefinitions.AtraccionesTuristicasStepDefinitions.seEvidenciaLaAtraccionConPrecioMasBajoCon(AtraccionesTuristicasStepDefinitions.java:27)&#13;
✽.se evidencia la atraccion con precio mas bajo con 'COP 12.700'(file:///C:/Users/Juan%20Pablo/Downloads/BookingTest/src/test/resources/features/atraccionesTuristicas.feature:14)&#13;
</system-err></testcase></testsuite>